#
# There is insufficient memory for the Java Runtime Environment to continue.
# Native memory allocation (malloc) failed to allocate 1048576 bytes for AllocateHeap
# Possible reasons:
#   The system is out of physical RAM or swap space
#   In 32 bit mode, the process size limit was hit
# Possible solutions:
#   Reduce memory load on the system
#   Increase physical memory or swap space
#   Check if swap backing store is full
#   Use 64 bit Java on a 64 bit OS
#   Decrease Java heap size (-Xmx/-Xms)
#   Decrease number of Java threads
#   Decrease Java thread stack sizes (-Xss)
#   Set larger code cache with -XX:ReservedCodeCacheSize=
# This output file may be truncated or incomplete.
#
#  Out of Memory Error (memory/allocation.inline.hpp:61), pid=3924, tid=0x0000000000000fb4
#
# JRE version:  (8.0_144-b01) (build )
# Java VM: Java HotSpot(TM) 64-Bit Server VM (25.144-b01 mixed mode windows-amd64 compressed oops)
# Failed to write core dump. Minidumps are not enabled by default on client versions of Windows
#

---------------  T H R E A D  ---------------

Current thread (0x0000000001fa0800):  JavaThread "Unknown thread" [_thread_in_vm, id=4020, stack(0x0000000001e90000,0x0000000001f90000)]

Stack: [0x0000000001e90000,0x0000000001f90000]
[error occurred during error reporting (printing stack bounds), id 0xc0000005]

Native frames: (J=compiled Java code, j=interpreted, Vv=VM code, C=native code)


---------------  P R O C E S S  ---------------

Java Threads: ( => current thread )

Other Threads:

=>0x0000000001fa0800 (exited) JavaThread "Unknown thread" [_thread_in_vm, id=4020, stack(0x0000000001e90000,0x0000000001f90000)]

VM state:not at safepoint (normal execution)

VM Mutex/Monitor currently owned by a thread: None

Heap:
 PSYoungGen      total 18944K, used 327K [0x00000000eb300000, 0x00000000ec800000, 0x0000000100000000)
  eden space 16384K, 2% used [0x00000000eb300000,0x00000000eb351ec8,0x00000000ec300000)
  from space 2560K, 0% used [0x00000000ec580000,0x00000000ec580000,0x00000000ec800000)
  to   space 2560K, 0% used [0x00000000ec300000,0x00000000ec300000,0x00000000ec580000)
 ParOldGen       total 44032K, used 0K [0x00000000c1800000, 0x00000000c4300000, 0x00000000eb300000)
  object space 44032K, 0% used [0x00000000c1800000,0x00000000c1800000,0x00000000c4300000)
 Metaspace       used 770K, capacity 4480K, committed 4480K, reserved 1056768K
  class space    used 75K, capacity 384K, committed 384K, reserved 1048576K

Card table byte_map: [0x0000000011460000,0x0000000011660000] byte_map_base: 0x0000000010e54000

Marking Bits: (ParMarkBitMap*) 0x000000005633d850
 Begin Bits: [0x00000000119b0000, 0x0000000012950000)
 End Bits:   [0x0000000012950000, 0x00000000138f0000)

Polling page: 0x0000000000510000

CodeCache: size=245760Kb used=327Kb max_used=327Kb free=245432Kb
 bounds [0x00000000020a0000, 0x0000000002310000, 0x00000000110a0000]
 total_blobs=56 nmethods=0 adapters=38
 compilation: enabled

Compilation events (0 events):
No events

GC Heap History (0 events):
No events

Deoptimization events (0 events):
No events

Internal exceptions (0 events):
No events

Events (10 events):
Event: 0.046 loading class java/lang/Short
Event: 0.046 loading class java/lang/Short done
Event: 0.046 loading class java/lang/Integer
Event: 0.047 loading class java/lang/Integer done
Event: 0.047 loading class java/lang/Long
Event: 0.047 loading class java/lang/Long done
Event: 0.048 loading class java/lang/NullPointerException
Event: 0.048 loading class java/lang/NullPointerException done
Event: 0.048 loading class java/lang/ArithmeticException
Event: 0.048 loading class java/lang/ArithmeticException done


Dynamic libraries:
0x00007ff607480000 - 0x00007ff6074b7000 	C:\Program Files\Java\jdk1.8.0_144\jre\bin\java.exe
0x00007ffa0c790000 - 0x00007ffa0c952000 	C:\Windows\SYSTEM32\ntdll.dll
0x00007ffa0bad0000 - 0x00007ffa0bb7d000 	C:\Windows\system32\KERNEL32.DLL
0x00007ff9fc150000 - 0x00007ff9fc183000 	C:\Program Files\AVAST Software\Avast\x64\aswhooka.dll
0x00007ffa09c40000 - 0x00007ffa09e1d000 	C:\Windows\system32\KERNELBASE.dll
0x00007ffa0bb80000 - 0x00007ffa0bc26000 	C:\Windows\system32\ADVAPI32.dll
0x00007ffa0c6b0000 - 0x00007ffa0c74d000 	C:\Windows\system32\msvcrt.dll
0x00007ffa0c520000 - 0x00007ffa0c57b000 	C:\Windows\system32\sechost.dll
0x00007ffa0c580000 - 0x00007ffa0c6a6000 	C:\Windows\system32\RPCRT4.dll
0x00007ffa0a000000 - 0x00007ffa0a14e000 	C:\Windows\system32\USER32.dll
0x00007ffa0a220000 - 0x00007ffa0a3a6000 	C:\Windows\system32\GDI32.dll
0x00007ff9fea00000 - 0x00007ff9fec74000 	C:\Windows\WinSxS\amd64_microsoft.windows.common-controls_6595b64144ccf1df_6.0.10240.16384_none_f41f7b285750ef43\COMCTL32.dll
0x00007ffa0c750000 - 0x00007ffa0c786000 	C:\Windows\system32\IMM32.DLL
0x00007ffa0c170000 - 0x00007ffa0c2cc000 	C:\Windows\system32\MSCTF.dll
0x00000000563c0000 - 0x0000000056492000 	C:\Program Files\Java\jdk1.8.0_144\jre\bin\msvcr100.dll
0x0000000055b20000 - 0x00000000563bd000 	C:\Program Files\Java\jdk1.8.0_144\jre\bin\server\jvm.dll
0x00007ffa09ff0000 - 0x00007ffa09ff8000 	C:\Windows\system32\PSAPI.DLL
0x00007ff9ffe70000 - 0x00007ff9ffe79000 	C:\Windows\SYSTEM32\WSOCK32.dll
0x00007ffa0c4b0000 - 0x00007ffa0c519000 	C:\Windows\system32\WS2_32.dll
0x00007ffa0bce0000 - 0x00007ffa0bce8000 	C:\Windows\system32\NSI.dll
0x00007ffa077d0000 - 0x00007ffa077f3000 	C:\Windows\SYSTEM32\WINMM.dll
0x00007ff9fb940000 - 0x00007ff9fb94a000 	C:\Windows\SYSTEM32\VERSION.dll
0x00007ffa077a0000 - 0x00007ffa077cc000 	C:\Windows\SYSTEM32\WINMMBASE.dll
0x00007ffa09960000 - 0x00007ffa099a4000 	C:\Windows\system32\cfgmgr32.dll
0x00007ffa07a50000 - 0x00007ffa07a77000 	C:\Windows\SYSTEM32\DEVOBJ.dll
0x0000000055b10000 - 0x0000000055b1f000 	C:\Program Files\Java\jdk1.8.0_144\jre\bin\verify.dll
0x0000000055ae0000 - 0x0000000055b09000 	C:\Program Files\Java\jdk1.8.0_144\jre\bin\java.dll
0x0000000055ac0000 - 0x0000000055ad6000 	C:\Program Files\Java\jdk1.8.0_144\jre\bin\zip.dll

VM Arguments:
java_command: D:\work\projects\target\surefire\surefirebooter7828238539630770928.jar D:\work\projects\target\surefire\surefire5070684333529894615tmp D:\work\projects\target\surefire\surefire_0880716206720179508tmp
java_class_path (initial): D:\work\projects\target\surefire\surefirebooter7828238539630770928.jar
Launcher Type: SUN_STANDARD

Environment Variables:
JAVA_HOME=C:\Program Files\Java\jdk1.8.0_144
PATH=C:\ProgramData\Oracle\Java\javapath;C:\Windows\system32;C:\Windows;C:\Windows\System32\Wbem;C:\Windows\System32\WindowsPowerShell\v1.0\;C:\Program Files\Git\cmd;C:\Program Files\apache-maven-3.5.0\bin
USERNAME=morfeus
OS=Windows_NT
PROCESSOR_IDENTIFIER=AMD64 Family 15 Model 6 Stepping 1, AuthenticAMD



---------------  S Y S T E M  ---------------

OS: Windows 10.0 , 64 bit Build 10240 (10.0.10240.16384)

CPU:total 2 (initial active 2) (2 cores per cpu, 1 threads per core) family 15 model 6 stepping 1, cmov, cx8, fxsr, mmx, sse, sse2, sse3, tsc

Memory: 4k page, physical 4095476k(767964k free), swap 4095476k(6108k free)

vm_info: Java HotSpot(TM) 64-Bit Server VM (25.144-b01) for windows-amd64 JRE (1.8.0_144-b01), built on Jul 21 2017 21:57:33 by "java_re" with MS VC++ 10.0 (VS2010)

time: Wed Aug 30 22:18:51 2017
elapsed time: 0 seconds (0d 0h 0m 0s)

